<?xml version="1.0" encoding="UTF-8"?>
<!-- Generated by org.testng.reporters.JUnitReportReporter -->
<testsuite hostname="LAPTOP-U7V874M3" failures="0" tests="3" name="tests.LoginTest" time="31.247" errors="0" timestamp="24 Apr 2024 15:30:08 GMT" skipped="0">
  <testcase classname="tests.LoginTest" name="login" time="10.218"/>
  <testcase classname="tests.LoginTest" name="login" time="9.772"/>
  <testcase classname="tests.LoginTest" name="login" time="11.257"/>
</testsuite> <!-- tests.LoginTest -->
