<?xml version="1.0" encoding="UTF-8"?>
<!-- Generated by org.testng.reporters.JUnitReportReporter -->
<testsuite hostname="LAPTOP-U7V874M3" failures="0" tests="1" name="tests.BuyTest" time="6.110" errors="0" timestamp="24 Apr 2024 09:15:14 GMT" skipped="0">
  <testcase classname="tests.BuyTest" name="openbrowser" time="6.110"/>
</testsuite> <!-- tests.BuyTest -->
