<?xml version="1.0" encoding="UTF-8"?>
<!-- Generated by org.testng.reporters.JUnitReportReporter -->
<testsuite hostname="LAPTOP-U7V874M3" failures="0" tests="1" name="runner.Runner" time="9.410" errors="0" timestamp="24 Apr 2024 15:47:04 GMT" skipped="0">
  <testcase classname="runner.Runner" name="runScenario" time="9.410"/>
</testsuite> <!-- runner.Runner -->
