<?xml version="1.0" encoding="UTF-8"?>
<!-- Generated by org.testng.reporters.JUnitReportReporter -->
<testsuite hostname="LAPTOP-U7V874M3" failures="0" tests="1" name="tests.BuyTest" time="4.964" errors="0" timestamp="2024-04-24T21:34:09 IST" skipped="0">
  <testcase classname="tests.BuyTest" name="openbrowser" time="4.964"/>
</testsuite> <!-- tests.BuyTest -->
