<?xml version="1.0" encoding="UTF-8"?>
<!-- Generated by org.testng.reporters.JUnitReportReporter -->
<testsuite hostname="LAPTOP-U7V874M3" failures="0" tests="3" name="tests.LoginTest" time="34.915" errors="0" timestamp="2024-04-24T21:34:09 IST" skipped="0">
  <testcase classname="tests.LoginTest" name="login" time="10.859"/>
  <testcase classname="tests.LoginTest" name="login" time="11.868"/>
  <testcase classname="tests.LoginTest" name="login" time="12.188"/>
</testsuite> <!-- tests.LoginTest -->
